[debug] [2023-12-21T15:11:45.041Z] ----------------------------------------------------------------------
[debug] [2023-12-21T15:11:45.043Z] Command:       C:\Program Files\nodejs\node.exe C:\Users\Shubham Bisht\AppData\Roaming\npm\node_modules\firebase-tools\lib\bin\firebase.js init
[debug] [2023-12-21T15:11:45.043Z] CLI Version:   13.0.2
[debug] [2023-12-21T15:11:45.043Z] Platform:      win32
[debug] [2023-12-21T15:11:45.044Z] Node Version:  v18.14.0
[debug] [2023-12-21T15:11:45.044Z] Time:          Thu Dec 21 2023 20:41:45 GMT+0530 (India Standard Time)
[debug] [2023-12-21T15:11:45.045Z] ----------------------------------------------------------------------
[debug] 
[debug] [2023-12-21T15:11:45.052Z] > command requires scopes: ["email","openid","https://www.googleapis.com/auth/cloudplatformprojects.readonly","https://www.googleapis.com/auth/firebase","https://www.googleapis.com/auth/cloud-platform"]
[debug] [2023-12-21T15:11:45.053Z] > authorizing via signed-in user (shubhambisht1924@gmail.com)
[info] 
     ######## #### ########  ######## ########     ###     ######  ########
     ##        ##  ##     ## ##       ##     ##  ##   ##  ##       ##
     ######    ##  ########  ######   ########  #########  ######  ######
     ##        ##  ##    ##  ##       ##     ## ##     ##       ## ##
     ##       #### ##     ## ######## ########  ##     ##  ######  ########

You're about to initialize a Firebase project in this directory:

  C:\Users\Shubham Bisht\Desktop\episode1

[info] 
=== Project Setup
[info] 
[info] First, let's associate this project directory with a Firebase project.
[info] You can create multiple project aliases by running firebase use --add, 
[info] but for now we'll just set up a default project.
[info] 
[debug] [2023-12-21T15:12:40.231Z] >>> [apiv2][query] GET https://firebase.googleapis.com/v1beta1/projects pageSize=100
[debug] [2023-12-21T15:12:41.441Z] <<< [apiv2][status] GET https://firebase.googleapis.com/v1beta1/projects 200
[debug] [2023-12-21T15:12:41.441Z] <<< [apiv2][body] GET https://firebase.googleapis.com/v1beta1/projects [omitted]
[info] i  Using project reactapp-395d7 (ReactApp) 
[info] 
=== Hosting Setup
[debug] [2023-12-21T15:12:48.248Z] >>> [apiv2][query] GET https://firebase.googleapis.com/v1beta1/projects/reactapp-395d7 [none]
[debug] [2023-12-21T15:12:48.882Z] <<< [apiv2][status] GET https://firebase.googleapis.com/v1beta1/projects/reactapp-395d7 200
[debug] [2023-12-21T15:12:48.882Z] <<< [apiv2][body] GET https://firebase.googleapis.com/v1beta1/projects/reactapp-395d7 {"projectId":"reactapp-395d7","projectNumber":"685957221888","displayName":"ReactApp","name":"projects/reactapp-395d7","resources":{"hostingSite":"reactapp-395d7"},"state":"ACTIVE","etag":"1_1bd0c809-ac6c-498a-aa49-8552ee12e1cf"}
[info] 
[info] Your public directory is the folder (relative to your project directory) that
[info] will contain Hosting assets to be uploaded with firebase deploy. If you
[info] have a build process for your assets, use your build's output directory.
[info] 
[info] +  Wrote public/404.html 
[debug] [2023-12-21T15:14:11.705Z] >>> [apiv2][query] GET https://www.gstatic.com/firebasejs/releases.json [none]
[debug] [2023-12-21T15:14:12.090Z] <<< [apiv2][status] GET https://www.gstatic.com/firebasejs/releases.json 200
[debug] [2023-12-21T15:14:12.091Z] <<< [apiv2][body] GET https://www.gstatic.com/firebasejs/releases.json {"current":{"version":"10.7.1","browserURL":"https://www.gstatic.com/firebasejs/10.7.1/firebase.js","packageURL":"https://www.gstatic.com/firebasejs/10.7.1/firebase.tgz"},"live":{"version":"10.7","browserURL":"https://www.gstatic.com/firebasejs/live/10.7/firebase.js","packageURL":"https://www.gstatic.com/firebasejs/live/10.7/firebase.tgz"},"components":{"analytics":"https://www.gstatic.com/firebasejs/10.7.1/firebase-analytics.js","app":"https://www.gstatic.com/firebasejs/10.7.1/firebase-app.js","app-check":"https://www.gstatic.com/firebasejs/10.7.1/firebase-app-check.js","auth":"https://www.gstatic.com/firebasejs/10.7.1/firebase-auth.js","auth/cordova":"https://www.gstatic.com/firebasejs/10.7.1/firebase-auth/cordova.js","functions":"https://www.gstatic.com/firebasejs/10.7.1/firebase-functions.js","firestore":"https://www.gstatic.com/firebasejs/10.7.1/firebase-firestore.js","firestore/lite":"https://www.gstatic.com/firebasejs/10.7.1/firebase-firestore/lite.js","installations":"https://www.gstatic.com/firebasejs/10.7.1/firebase-installations.js","storage":"https://www.gstatic.com/firebasejs/10.7.1/firebase-storage.js","performance":"https://www.gstatic.com/firebasejs/10.7.1/firebase-performance.js","remote-config":"https://www.gstatic.com/firebasejs/10.7.1/firebase-remote-config.js","messaging":"https://www.gstatic.com/firebasejs/10.7.1/firebase-messaging.js","messaging/sw":"https://www.gstatic.com/firebasejs/10.7.1/firebase-messaging/sw.js","database":"https://www.gstatic.com/firebasejs/10.7.1/firebase-database.js","firestore.memory":"https://www.gstatic.com/firebasejs/10.7.1/firebase-firestore.memory.js"}}
[info] i  Skipping write of public/index.html 
[info] 
[info] i  Detected a .git folder at C:\Users\Shubham Bisht\Desktop\episode1 
[info] i  Authorizing with GitHub to upload your service account to a GitHub repository's secrets store. 
[info] 
[info] Visit this URL on this device to log in:
[info] https://github.com/login/oauth/authorize?client_id=89cf50f02ac6aaed3484&state=377103264&redirect_uri=http%3A%2F%2Flocalhost%3A9005&scope=read%3Auser%20repo%20public_repo
[info] 
[info] Waiting for authentication...
[debug] [2023-12-21T15:15:00.320Z] >>> [apiv2][query] POST https://github.com/login/oauth/access_token [none]
[debug] [2023-12-21T15:15:00.320Z] >>> [apiv2][body] POST https://github.com/login/oauth/access_token [stream]
[debug] [2023-12-21T15:15:00.908Z] <<< [apiv2][status] POST https://github.com/login/oauth/access_token 200
[debug] [2023-12-21T15:15:00.908Z] <<< [apiv2][body] POST https://github.com/login/oauth/access_token {"access_token":"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","token_type":"bearer","scope":"read:user,repo"}
[debug] [2023-12-21T15:15:00.917Z] >>> [apiv2][query] GET https://api.github.com/user [none]
[debug] [2023-12-21T15:15:01.490Z] <<< [apiv2][status] GET https://api.github.com/user 200
[debug] [2023-12-21T15:15:01.491Z] <<< [apiv2][body] GET https://api.github.com/user {"login":"Shubham22Bisht","id":107198475,"node_id":"U_kgDOBmO4Cw","avatar_url":"https://avatars.githubusercontent.com/u/107198475?v=4","gravatar_id":"","url":"https://api.github.com/users/Shubham22Bisht","html_url":"https://github.com/Shubham22Bisht","followers_url":"https://api.github.com/users/Shubham22Bisht/followers","following_url":"https://api.github.com/users/Shubham22Bisht/following{/other_user}","gists_url":"https://api.github.com/users/Shubham22Bisht/gists{/gist_id}","starred_url":"https://api.github.com/users/Shubham22Bisht/starred{/owner}{/repo}","subscriptions_url":"https://api.github.com/users/Shubham22Bisht/subscriptions","organizations_url":"https://api.github.com/users/Shubham22Bisht/orgs","repos_url":"https://api.github.com/users/Shubham22Bisht/repos","events_url":"https://api.github.com/users/Shubham22Bisht/events{/privacy}","received_events_url":"https://api.github.com/users/Shubham22Bisht/received_events","type":"User","site_admin":false,"name":"Shubham Bisht","company":null,"blog":"","location":null,"email":null,"hireable":null,"bio":null,"twitter_username":null,"public_repos":16,"public_gists":0,"followers":0,"following":1,"created_at":"2022-06-09T14:17:11Z","updated_at":"2023-11-19T04:22:33Z","private_gists":0,"total_private_repos":0,"owned_private_repos":0,"disk_usage":8960,"collaborators":0,"two_factor_authentication":false,"plan":{"name":"free","space":976562499,"collaborators":0,"private_repos":10000}}
[info] 
[info] +  Success! Logged into GitHub as Shubham22Bisht 
[info] 
